# JRE version: OpenJDK Runtime Environment Microsoft-13106358 (17.0.18+8) (build 17.0.18+8-LTS)
# Java VM: OpenJDK 64-Bit Server VM Microsoft-13106358 (17.0.18+8-LTS, mixed mode, sharing, tiered, compressed oops, compressed class ptrs, g1 gc, windows-amd64)
GC Precious Log:
 CPUs: 8 total, 8 available
 Memory: 32570M
 Large Page Support: Disabled
 NUMA Support: Disabled
 Compressed Oops: Enabled (Zero based)
 Heap Region Size: 4M
 Heap Min Capacity: 8M
 Heap Initial Capacity: 512M
 Heap Max Capacity: 8144M
 Pre-touch: Disabled
 Parallel Workers: 8
 Concurrent Workers: 2
 Concurrent Refinement Workers: 8
 Periodic GC: Disabled
Heap:
 garbage-first heap   total 163840K, used 100537K [0x0000000603000000, 0x0000000800000000)
  region size 4096K, 11 young (45056K), 2 survivors (8192K)
 Metaspace       used 114155K, committed 114944K, reserved 1179648K
  class space    used 15693K, committed 16064K, reserved 1048576K
GC Heap History (20 events):
Event: 9.437 GC heap before
{Heap before GC invocations=15 (full 0):
 garbage-first heap   total 163840K, used 126007K [0x0000000603000000, 0x0000000800000000)
  region size 4096K, 24 young (98304K), 3 survivors (12288K)
 Metaspace       used 77244K, committed 77824K, reserved 1179648K
  class space    used 11001K, committed 11264K, reserved 1048576K
}
Event: 9.445 GC heap after
{Heap after GC invocations=16 (full 0):
 garbage-first heap   total 163840K, used 44107K [0x0000000603000000, 0x0000000800000000)
  region size 4096K, 3 young (12288K), 3 survivors (12288K)
 Metaspace       used 77244K, committed 77824K, reserved 1179648K
  class space    used 11001K, committed 11264K, reserved 1048576K
}
Event: 9.501 GC heap before
{Heap before GC invocations=16 (full 0):
 garbage-first heap   total 163840K, used 44107K [0x0000000603000000, 0x0000000800000000)
  region size 4096K, 4 young (16384K), 3 survivors (12288K)
 Metaspace       used 77954K, committed 78528K, reserved 1179648K
  class space    used 11120K, committed 11392K, reserved 1048576K
}
Event: 9.509 GC heap after
{Heap after GC invocations=17 (full 0):
 garbage-first heap   total 163840K, used 44433K [0x0000000603000000, 0x0000000800000000)
  region size 4096K, 1 young (4096K), 1 survivors (4096K)
 Metaspace       used 77954K, committed 78528K, reserved 1179648K
  class space    used 11120K, committed 11392K, reserved 1048576K
}
Event: 10.963 GC heap before
{Heap before GC invocations=17 (full 0):
 garbage-first heap   total 163840K, used 122257K [0x0000000603000000, 0x0000000800000000)
  region size 4096K, 20 young (81920K), 1 survivors (4096K)
 Metaspace       used 89392K, committed 90048K, reserved 1179648K
  class space    used 12718K, committed 13056K, reserved 1048576K
}
Event: 10.969 GC heap after
{Heap after GC invocations=18 (full 0):
 garbage-first heap   total 163840K, used 48940K [0x0000000603000000, 0x0000000800000000)
  region size 4096K, 2 young (8192K), 2 survivors (8192K)
 Metaspace       used 89392K, committed 90048K, reserved 1179648K
  class space    used 12718K, committed 13056K, reserved 1048576K
}
Event: 13.060 GC heap before
{Heap before GC invocations=18 (full 0):
 garbage-first heap   total 163840K, used 110380K [0x0000000603000000, 0x0000000800000000)
  region size 4096K, 19 young (77824K), 2 survivors (8192K)
 Metaspace       used 101051K, committed 101696K, reserved 1179648K
  class space    used 14281K, committed 14592K, reserved 1048576K
}
Event: 13.068 GC heap after
{Heap after GC invocations=19 (full 0):
 garbage-first heap   total 163840K, used 53367K [0x0000000603000000, 0x0000000800000000)
  region size 4096K, 3 young (12288K), 3 survivors (12288K)
 Metaspace       used 101051K, committed 101696K, reserved 1179648K
  class space    used 14281K, committed 14592K, reserved 1048576K
}
Event: 21.989 GC heap before
{Heap before GC invocations=20 (full 0):
 garbage-first heap   total 163840K, used 127095K [0x0000000603000000, 0x0000000800000000)
  region size 4096K, 21 young (86016K), 3 survivors (12288K)
 Metaspace       used 109144K, committed 109888K, reserved 1179648K
  class space    used 15441K, committed 15808K, reserved 1048576K
}
Event: 21.999 GC heap after
{Heap after GC invocations=21 (full 0):
 garbage-first heap   total 163840K, used 61406K [0x0000000603000000, 0x0000000800000000)
  region size 4096K, 3 young (12288K), 3 survivors (12288K)
 Metaspace       used 109144K, committed 109888K, reserved 1179648K
  class space    used 15441K, committed 15808K, reserved 1048576K
}
Event: 26.645 GC heap before
{Heap before GC invocations=21 (full 0):
 garbage-first heap   total 163840K, used 126942K [0x0000000603000000, 0x0000000800000000)
  region size 4096K, 19 young (77824K), 3 survivors (12288K)
 Metaspace       used 110857K, committed 111680K, reserved 1179648K
  class space    used 15540K, committed 15936K, reserved 1048576K
}
Event: 26.652 GC heap after
{Heap after GC invocations=22 (full 0):
 garbage-first heap   total 163840K, used 66275K [0x0000000603000000, 0x0000000800000000)
  region size 4096K, 3 young (12288K), 3 survivors (12288K)
 Metaspace       used 110857K, committed 111680K, reserved 1179648K
  class space    used 15540K, committed 15936K, reserved 1048576K
}
Event: 34.807 GC heap before
{Heap before GC invocations=22 (full 0):
 garbage-first heap   total 163840K, used 119523K [0x0000000603000000, 0x0000000800000000)
  region size 4096K, 17 young (69632K), 3 survivors (12288K)
 Metaspace       used 111598K, committed 112384K, reserved 1179648K
  class space    used 15576K, committed 15936K, reserved 1048576K
}
Event: 34.811 GC heap after
{Heap after GC invocations=23 (full 0):
 garbage-first heap   total 163840K, used 67219K [0x0000000603000000, 0x0000000800000000)
  region size 4096K, 2 young (8192K), 2 survivors (8192K)
 Metaspace       used 111598K, committed 112384K, reserved 1179648K
  class space    used 15576K, committed 15936K, reserved 1048576K
}
Event: 40.753 GC heap before
{Heap before GC invocations=23 (full 0):
 garbage-first heap   total 163840K, used 120467K [0x0000000603000000, 0x0000000800000000)
  region size 4096K, 16 young (65536K), 2 survivors (8192K)
 Metaspace       used 112466K, committed 113216K, reserved 1179648K
  class space    used 15580K, committed 15936K, reserved 1048576K
}
Event: 40.756 GC heap after
{Heap after GC invocations=24 (full 0):
 garbage-first heap   total 163840K, used 67975K [0x0000000603000000, 0x0000000800000000)
  region size 4096K, 2 young (8192K), 2 survivors (8192K)
 Metaspace       used 112466K, committed 113216K, reserved 1179648K
  class space    used 15580K, committed 15936K, reserved 1048576K
}
Event: 50.326 GC heap before
{Heap before GC invocations=24 (full 0):
 garbage-first heap   total 163840K, used 121223K [0x0000000603000000, 0x0000000800000000)
  region size 4096K, 16 young (65536K), 2 survivors (8192K)
 Metaspace       used 112849K, committed 113664K, reserved 1179648K
  class space    used 15584K, committed 16000K, reserved 1048576K
}
Event: 50.330 GC heap after
{Heap after GC invocations=25 (full 0):
 garbage-first heap   total 163840K, used 68845K [0x0000000603000000, 0x0000000800000000)
  region size 4096K, 2 young (8192K), 2 survivors (8192K)
 Metaspace       used 112849K, committed 113664K, reserved 1179648K
  class space    used 15584K, committed 16000K, reserved 1048576K
}
Event: 55.689 GC heap before
{Heap before GC invocations=25 (full 0):
 garbage-first heap   total 163840K, used 122093K [0x0000000603000000, 0x0000000800000000)
  region size 4096K, 16 young (65536K), 2 survivors (8192K)
 Metaspace       used 114021K, committed 114816K, reserved 1179648K
  class space    used 15693K, committed 16064K, reserved 1048576K
}
Event: 55.693 GC heap after
{Heap after GC invocations=26 (full 0):
 garbage-first heap   total 163840K, used 67769K [0x0000000603000000, 0x0000000800000000)
  region size 4096K, 2 young (8192K), 2 survivors (8192K)
 Metaspace       used 114021K, committed 114816K, reserved 1179648K
  class space    used 15693K, committed 16064K, reserved 1048576K
}

